============================= test session starts =============================
platform win32 -- Python 3.14.3, pytest-9.0.2, pluggy-1.6.0 -- D:\git\dev\Picoripi\venv\Scripts\python.exe
cachedir: .pytest_cache
PyQt5 5.15.11 -- Qt runtime 5.15.2 -- Qt compiled 5.15.2
rootdir: D:\git\dev\Picoripi
configfile: pytest.ini (WARNING: ignoring pytest config in pyproject.toml!)
plugins: cov-7.0.0, mock-3.15.1, qt-4.5.0
collecting ... collected 633 items

tests/test_app_action_handler.py::TestAppActionHandler::test_calculate_widths_progress PASSED [  0%]
tests/test_app_action_handler.py::TestAppActionHandler::test_open_file_dialog_basic PASSED [  0%]
tests/test_app_action_handler.py::TestAppActionHandler::test_save_as_dialog PASSED [  0%]
tests/test_asterisk_logic.py::test_asterisk_persistence_on_navigation PASSED [  0%]
tests/test_asterisk_logic.py::test_folder_asterisk_propagation PASSED    [  0%]
tests/test_base_game_rules.py::TestLoadData::test_load_list PASSED       [  0%]
tests/test_base_game_rules.py::TestLoadData::test_load_kruptar_format PASSED [  1%]
tests/test_base_game_rules.py::TestLoadData::test_load_plain_text PASSED [  1%]
tests/test_base_game_rules.py::TestLoadData::test_load_empty_list PASSED [  1%]
tests/test_base_game_rules.py::TestLoadData::test_load_dict_returns_empty PASSED [  1%]
tests/test_base_game_rules.py::TestSaveData::test_save_single_block PASSED [  1%]
tests/test_base_game_rules.py::TestSaveData::test_save_multi_block PASSED [  1%]
tests/test_base_game_rules.py::TestEnterChars::test_enter_char PASSED    [  2%]
tests/test_base_game_rules.py::TestEnterChars::test_shift_enter_char PASSED [  2%]
tests/test_base_game_rules.py::TestEnterChars::test_ctrl_enter_char PASSED [  2%]
tests/test_base_game_rules.py::TestDefaults::test_convert_editor_text PASSED [  2%]
tests/test_base_game_rules.py::TestDefaults::test_default_tag_mappings_empty PASSED [  2%]
tests/test_base_game_rules.py::TestDefaults::test_problem_definitions_empty PASSED [  2%]
tests/test_base_game_rules.py::TestDefaults::test_analyze_subline_empty PASSED [  3%]
tests/test_base_game_rules.py::TestDefaults::test_autofix_returns_unchanged PASSED [  3%]
tests/test_base_game_rules.py::TestDefaults::test_process_pasted_segment PASSED [  3%]
tests/test_base_game_rules.py::TestDefaults::test_legitimate_tags_empty PASSED [  3%]
tests/test_base_game_rules.py::TestDefaults::test_plugin_actions_empty PASSED [  3%]
tests/test_base_game_rules.py::TestDefaults::test_width_override_none PASSED [  3%]
tests/test_base_game_rules.py::TestDefaults::test_editor_page_size PASSED [  3%]
tests/test_base_game_rules.py::TestDefaults::test_display_name_no_mw PASSED [  4%]
tests/test_base_game_rules.py::TestDefaults::test_get_text_representation_for_editor PASSED [  4%]
tests/test_base_game_rules.py::TestDefaults::test_get_short_problem_name_unknown PASSED [  4%]
tests/test_components/test_editor/test_line_number_area.py::test_no_attribute_error_on_paint PASSED [  4%]
tests/test_components/test_editor/test_line_number_area.py::test_problems_per_subline_is_read_from_data_store PASSED [  4%]
tests/test_components/test_editor/test_lnet_tooltips.py::test_tooltip_uses_real_data_store_problems PASSED [  4%]
tests/test_components/test_editor/test_lnet_tooltips.py::test_tooltip_uses_real_data_store_edited_data PASSED [  5%]
tests/test_components/test_editor/test_lnet_tooltips.py::test_tooltip_returns_none_when_no_problems PASSED [  5%]
tests/test_core/test_data_manager.py::test_load_json_file PASSED         [  5%]
tests/test_core/test_data_manager.py::test_save_json_file PASSED         [  5%]
tests/test_core/test_data_manager.py::test_load_text_file PASSED         [  5%]
tests/test_core/test_data_manager.py::test_save_text_file PASSED         [  5%]
tests/test_core/test_data_state_processor.py::test_get_string_from_source_valid PASSED [  6%]
tests/test_core/test_data_state_processor.py::test_get_string_from_source_invalid PASSED [  6%]
tests/test_core/test_data_state_processor.py::test_get_current_string_text_from_memory PASSED [  6%]
tests/test_core/test_data_state_processor.py::test_get_current_string_text_from_edited_file PASSED [  6%]
tests/test_core/test_data_state_processor.py::test_get_current_string_text_from_original PASSED [  6%]
tests/test_core/test_data_state_processor.py::test_get_current_string_text_invalid PASSED [  6%]
tests/test_core/test_data_state_processor.py::test_get_block_texts PASSED [  6%]
tests/test_core/test_data_state_processor.py::test_update_edited_data_new_edit PASSED [  7%]
tests/test_core/test_data_state_processor.py::test_update_edited_data_revert_to_original PASSED [  7%]
tests/test_core/test_data_state_processor.py::test_revert_strings_to_original PASSED [  7%]
tests/test_core/test_data_state_processor.py::test_perform_revert_strings_confirm_no PASSED [  7%]
tests/test_core/test_data_state_processor.py::test_perform_revert_strings_confirm_yes PASSED [  7%]
tests/test_core/test_data_state_processor.py::test_revert_blocks_to_original PASSED [  7%]
tests/test_core/test_data_state_processor.py::test_save_current_edits_no_project PASSED [  8%]
tests/test_core/test_data_state_processor.py::test_save_current_edits_no_changes PASSED [  8%]
tests/test_core/test_data_state_processor.py::test_revert_edited_file_to_original_single_file PASSED [  8%]
tests/test_core/test_data_store.py::test_AppDataStore_defaults PASSED    [  8%]
tests/test_core/test_data_store.py::test_AppDataStore_mark_dirty PASSED  [  8%]
tests/test_core/test_data_store.py::test_AppDataStore_mark_clean_single_block PASSED [  8%]
tests/test_core/test_data_store.py::test_AppDataStore_mark_clean_all_blocks PASSED [  9%]
tests/test_core/test_data_store.py::test_AppDataStore_mark_clean_last_block_clears_unsaved PASSED [  9%]
tests/test_core/test_data_store.py::test_AppDataStore_clear PASSED       [  9%]
tests/test_core/test_data_store.py::test_AppDataStore_mark_dirty_multiple_blocks PASSED [  9%]
tests/test_core/test_data_store.py::test_AppDataStore_mark_clean_nonexistent_block PASSED [  9%]
tests/test_core/test_glossary_manager.py::test_GlossaryEntry_is_valid PASSED [  9%]
tests/test_core/test_glossary_manager.py::test_GlossaryManager_normalize_term PASSED [  9%]
tests/test_core/test_glossary_manager.py::test_GlossaryManager_load_from_text PASSED [ 10%]
tests/test_core/test_glossary_manager.py::test_GlossaryManager_load_from_text_tab_separated PASSED [ 10%]
tests/test_core/test_glossary_manager.py::test_GlossaryManager_refresh_from_disk PASSED [ 10%]
tests/test_core/test_glossary_manager.py::test_GlossaryManager_get_entry PASSED [ 10%]
tests/test_core/test_glossary_manager.py::test_GlossaryManager_get_entries_sorted_by_length PASSED [ 10%]
tests/test_core/test_glossary_manager.py::test_GlossaryManager_find_matches PASSED [ 10%]
tests/test_core/test_glossary_manager.py::test_GlossaryManager_build_occurrence_index PASSED [ 11%]
tests/test_core/test_glossary_manager.py::test_GlossaryManager_get_relevant_terms PASSED [ 11%]
tests/test_core/test_glossary_manager.py::test_GlossaryManager_session_changes PASSED [ 11%]
tests/test_core/test_glossary_manager.py::test_GlossaryManager_crud_entry PASSED [ 11%]
tests/test_core/test_glossary_manager.py::test_GlossaryManager_persist PASSED [ 11%]
tests/test_core/test_glossary_manager.py::test_GlossaryManager_build_regex PASSED [ 11%]
tests/test_core/test_glossary_manager.py::test_GlossaryManager_prefilter_logic PASSED [ 12%]
tests/test_core/test_project_manager.py::test_ProjectManager_create_new_project PASSED [ 12%]
tests/test_core/test_project_manager.py::test_ProjectManager_load_save PASSED [ 12%]
tests/test_core/test_project_manager.py::test_ProjectManager_add_block PASSED [ 12%]
tests/test_core/test_project_manager.py::test_ProjectManager_get_absolute_path PASSED [ 12%]
tests/test_core/test_project_manager.py::test_ProjectManager_get_relative_path PASSED [ 12%]
tests/test_core/test_project_manager.py::test_ProjectManager_get_uncategorized_lines PASSED [ 12%]
tests/test_core/test_project_manager.py::test_ProjectManager_create_virtual_folder PASSED [ 13%]
tests/test_core/test_project_manager.py::test_ProjectManager_move_strings_to_category PASSED [ 13%]
tests/test_core/test_project_manager.py::test_ProjectManager_save_load_settings PASSED [ 13%]
tests/test_core/test_project_manager.py::test_ProjectManager_sync_project_files_empty PASSED [ 13%]
tests/test_core/test_project_manager.py::test_ProjectManager_migrate_file_structure PASSED [ 13%]
tests/test_core/test_settings/test_font_map_loader.py::test_FontMapLoader_load_no_plugin PASSED [ 13%]
tests/test_core/test_settings/test_font_map_loader.py::test_FontMapLoader_load_fonts PASSED [ 14%]
tests/test_core/test_settings/test_font_map_loader.py::test_FontMapLoader_update_icon_sequences PASSED [ 14%]
tests/test_core/test_settings/test_global_settings.py::test_GlobalSettings_init PASSED [ 14%]
tests/test_core/test_settings/test_global_settings.py::test_GlobalSettings_load_no_file PASSED [ 14%]
tests/test_core/test_settings/test_global_settings.py::test_GlobalSettings_load_with_file PASSED [ 14%]
tests/test_core/test_settings/test_global_settings.py::test_GlobalSettings_save PASSED [ 14%]
tests/test_core/test_settings/test_global_settings.py::test_GlobalSettings_save_unsaved_session PASSED [ 15%]
tests/test_core/test_settings/test_plugin_settings.py::test_PluginSettings_init PASSED [ 15%]
tests/test_core/test_settings/test_plugin_settings.py::test_PluginSettings_get_plugin_config_path PASSED [ 15%]
tests/test_core/test_settings/test_plugin_settings.py::test_PluginSettings_substitute_env_vars PASSED [ 15%]
tests/test_core/test_settings/test_plugin_settings.py::test_PluginSettings_load_no_file PASSED [ 15%]
tests/test_core/test_settings/test_plugin_settings.py::test_PluginSettings_load_with_file PASSED [ 15%]
tests/test_core/test_settings/test_plugin_settings.py::test_PluginSettings_save PASSED [ 15%]
tests/test_core/test_settings/test_plugin_settings.py::test_PluginSettings_save_block_names PASSED [ 16%]
tests/test_core/test_settings/test_recent_projects_manager.py::test_RecentProjectsManager_add_remove PASSED [ 16%]
tests/test_core/test_settings/test_session_state_manager.py::test_SessionStateManager_load_save PASSED [ 16%]
tests/test_core/test_settings/test_session_state_manager.py::test_SessionStateManager_cleanup PASSED [ 16%]
tests/test_core/test_settings_manager.py::test_SettingsManager_init PASSED [ 16%]
tests/test_core/test_settings_manager.py::test_SettingsManager_get PASSED [ 16%]
tests/test_core/test_settings_manager.py::test_SettingsManager_set PASSED [ 17%]
tests/test_core/test_settings_manager.py::test_SettingsManager_load_settings PASSED [ 17%]
tests/test_core/test_settings_manager.py::test_SettingsManager_save_settings PASSED [ 17%]
tests/test_core/test_settings_manager.py::test_SettingsManager_load_unsaved_session PASSED [ 17%]
tests/test_core/test_settings_manager.py::test_SettingsManager_load_all_font_maps PASSED [ 17%]
tests/test_core/test_settings_manager.py::test_SettingsManager_add_recent_project PASSED [ 17%]
tests/test_core/test_settings_manager.py::test_SettingsManager_remove_recent_project PASSED [ 18%]
tests/test_core/test_settings_manager.py::test_SettingsManager_clear_recent_projects PASSED [ 18%]
tests/test_core/test_settings_manager.py::test_SettingsManager_save_block_names PASSED [ 18%]
tests/test_core/test_settings_manager.py::test_SettingsManagerupdate_icon_sequences_cache PASSED [ 18%]
tests/test_core/test_settings_manager.py::test_SettingsManagerrefresh_icon_highlighting PASSED [ 18%]
tests/test_core/test_spellchecker_manager.py::test_SpellcheckerManager_init PASSED [ 18%]
tests/test_core/test_spellchecker_manager.py::test_SpellcheckerManagerinitialize_spellchecker PASSED [ 18%]
tests/test_core/test_spellchecker_manager.py::test_SpellcheckerManager_reload_dictionary PASSED [ 19%]
tests/test_core/test_spellchecker_manager.py::test_SpellcheckerManager_set_enabled PASSED [ 19%]
tests/test_core/test_spellchecker_manager.py::test_SpellcheckerManager_scan_local_dictionaries PASSED [ 19%]
tests/test_core/test_spellchecker_manager.py::test_SpellcheckerManagerload_user_dictionary PASSED [ 19%]
tests/test_core/test_spellchecker_manager.py::test_SpellcheckerManager_reload_glossary_words PASSED [ 19%]
tests/test_core/test_spellchecker_manager.py::test_SpellcheckerManagerload_glossary_words PASSED [ 19%]
tests/test_core/test_spellchecker_manager.py::test_SpellcheckerManager_add_to_custom_dictionary PASSED [ 20%]
tests/test_core/test_spellchecker_manager.py::test_SpellcheckerManager_is_misspelled PASSED [ 20%]
tests/test_core/test_spellchecker_manager.py::test_SpellcheckerManager_get_suggestions PASSED [ 20%]
tests/test_core/test_spellchecker_manager.py::test_SpellcheckerManager_caching PASSED [ 20%]
tests/test_core/test_state_manager.py::test_StateManager_initial_empty PASSED [ 20%]
tests/test_core/test_state_manager.py::test_StateManager_enter_context_manager PASSED [ 20%]
tests/test_core/test_state_manager.py::test_StateManager_enter_multiple_states PASSED [ 21%]
tests/test_core/test_state_manager.py::test_StateManager_any_of PASSED   [ 21%]
tests/test_core/test_state_manager.py::test_StateManager_set_active PASSED [ 21%]
tests/test_core/test_state_manager.py::test_StateManager_clear PASSED    [ 21%]
tests/test_core/test_state_manager.py::test_StateManager_enter_exits_on_exception PASSED [ 21%]
tests/test_core/test_state_manager.py::test_AppState_all_states_exist PASSED [ 21%]
tests/test_core/test_undo_manager.py::test_UndoManager_initialization PASSED [ 21%]
tests/test_core/test_undo_manager.py::test_UndoManager_clear PASSED      [ 22%]
tests/test_core/test_undo_manager.py::test_UndoManager_record_action_basic PASSED [ 22%]
tests/test_core/test_undo_manager.py::test_UndoManager_record_action_same_text PASSED [ 22%]
tests/test_core/test_undo_manager.py::test_UndoManager_record_action_grouping_text_edit PASSED [ 22%]
tests/test_core/test_undo_manager.py::test_UndoManager_record_action_grouping_break_word_boundary PASSED [ 22%]
tests/test_core/test_undo_manager.py::test_UndoManager_groups PASSED     [ 22%]
tests/test_core/test_undo_manager.py::test_UndoManager_record_navigation PASSED [ 23%]
tests/test_core/test_undo_manager.py::test_UndoManager_record_structural_action PASSED [ 23%]
tests/test_core/test_undo_manager.py::test_UndoManager_undo_redo_basic PASSED [ 23%]
tests/test_core/test_undo_manager.py::test_UndoManager_undo_redo_group PASSED [ 23%]
tests/test_core/test_undo_manager.py::test_UndoManager_undo_structural PASSED [ 23%]
tests/test_core/test_undo_manager.py::test_UndoManager_undo_navigation PASSED [ 23%]
tests/test_data_manager.py::TestLoadJsonFile::test_load_valid_file PASSED [ 24%]
tests/test_data_manager.py::TestLoadJsonFile::test_load_nonexistent_file PASSED [ 24%]
tests/test_data_manager.py::TestLoadJsonFile::test_load_invalid_json PASSED [ 24%]
tests/test_data_manager.py::TestLoadJsonFile::test_load_empty_json_object PASSED [ 24%]
tests/test_data_manager.py::TestLoadJsonFile::test_load_json_array PASSED [ 24%]
tests/test_data_manager.py::TestLoadJsonFile::test_load_json_with_cyrillic PASSED [ 24%]
tests/test_data_manager.py::TestSaveJsonFile::test_save_and_reload PASSED [ 24%]
tests/test_data_manager.py::TestSaveJsonFile::test_save_creates_parent_dirs PASSED [ 25%]
tests/test_data_manager.py::TestSaveJsonFile::test_save_with_cyrillic PASSED [ 25%]
tests/test_data_manager.py::TestLoadTextFile::test_load_utf8 PASSED      [ 25%]
tests/test_data_manager.py::TestLoadTextFile::test_load_utf16_fallback PASSED [ 25%]
tests/test_data_manager.py::TestLoadTextFile::test_load_nonexistent PASSED [ 25%]
tests/test_data_manager.py::TestSaveTextFile::test_save_and_reload PASSED [ 25%]
tests/test_data_manager.py::TestSaveTextFile::test_save_creates_parent_dirs PASSED [ 26%]
tests/test_glossary_manager.py::TestGlossaryLoading::test_load_from_text PASSED [ 26%]
tests/test_glossary_manager.py::TestGlossaryLoading::test_entry_fields PASSED [ 26%]
tests/test_glossary_manager.py::TestGlossaryLoading::test_empty_glossary PASSED [ 26%]
tests/test_glossary_manager.py::TestGlossaryLoading::test_raw_text_preserved PASSED [ 26%]
tests/test_glossary_manager.py::TestGlossaryLookup::test_get_entry_case_insensitive PASSED [ 26%]
tests/test_glossary_manager.py::TestGlossaryLookup::test_get_entry_nonexistent PASSED [ 27%]
tests/test_glossary_manager.py::TestGlossaryLookup::test_get_entries_sorted_by_length PASSED [ 27%]
tests/test_glossary_manager.py::TestGlossaryLookup::test_get_relevant_terms PASSED [ 27%]
tests/test_glossary_manager.py::TestGlossaryMatching::test_find_matches_basic PASSED [ 27%]
tests/test_glossary_manager.py::TestGlossaryMatching::test_find_matches_multiple PASSED [ 27%]
tests/test_glossary_manager.py::TestGlossaryMatching::test_find_matches_no_result PASSED [ 27%]
tests/test_glossary_manager.py::TestGlossaryCRUD::test_add_entry PASSED  [ 27%]
tests/test_glossary_manager.py::TestGlossaryCRUD::test_add_duplicate_entry PASSED [ 28%]
tests/test_glossary_manager.py::TestGlossaryCRUD::test_update_entry PASSED [ 28%]
tests/test_glossary_manager.py::TestGlossaryCRUD::test_update_nonexistent PASSED [ 28%]
tests/test_glossary_manager.py::TestGlossaryCRUD::test_delete_entry PASSED [ 28%]
tests/test_glossary_manager.py::TestGlossaryCRUD::test_delete_nonexistent PASSED [ 28%]
tests/test_glossary_manager.py::TestGlossaryNormalization::test_normalize_term_basic PASSED [ 28%]
tests/test_glossary_manager.py::TestGlossaryNormalization::test_normalize_term_whitespace PASSED [ 29%]
tests/test_glossary_manager.py::TestGlossaryNormalization::test_normalize_empty PASSED [ 29%]
tests/test_glossary_manager.py::TestGlossarySession::test_session_changes_tracked PASSED [ 29%]
tests/test_glossary_manager.py::TestGlossarySession::test_clear_session PASSED [ 29%]
tests/test_handlers/test_ai_chat_handler.py::test_AIChatHandler_init PASSED [ 29%]
tests/test_handlers/test_ai_chat_handler.py::test_AIChatHandler_get_available_providers PASSED [ 29%]
tests/test_handlers/test_ai_chat_handler.py::test_AIChatHandler_show_chat_window PASSED [ 30%]
tests/test_handlers/test_ai_chat_handler.py::test_AIChatHandler_add_new_chat_session PASSED [ 30%]
tests/test_handlers/test_ai_chat_handler.py::test_AIChatHandler_handle_tab_closed PASSED [ 30%]
tests/test_handlers/test_ai_chat_handler.py::test_AIChatHandler_handle_send_message PASSED [ 30%]
tests/test_handlers/test_ai_chat_handler.py::test_AIChatHandler_process_annotations PASSED [ 30%]
tests/test_handlers/test_ai_chat_handler.py::test_AIChatHandler_format_ai_response_for_display PASSED [ 30%]
tests/test_handlers/test_ai_chat_handler.py::test_AIChatHandler_on_ai_chunk_received PASSED [ 30%]
tests/test_handlers/test_ai_chat_handler.py::test_AIChatHandler_on_ai_stream_finished PASSED [ 31%]
tests/test_handlers/test_ai_chat_handler.py::test_AIChatHandler_on_ai_chat_success PASSED [ 31%]
tests/test_handlers/test_ai_chat_handler.py::test_AIChatHandler_on_ai_error PASSED [ 31%]
tests/test_handlers/test_ai_chat_handler.py::test_AIChatHandler_cleanup_worker PASSED [ 31%]
tests/test_handlers/test_ai_prompt_composer.py::test_AIPromptComposer_glossary_entries_to_text PASSED [ 31%]
tests/test_handlers/test_ai_prompt_composer.py::test_AIPromptComposer_compose_batch_request_context PASSED [ 31%]
tests/test_handlers/test_ai_prompt_composer.py::test_AIPromptComposer_prepare_glossary_for_prompt_full PASSED [ 32%]
tests/test_handlers/test_ai_prompt_composer.py::test_AIPromptComposer_prepare_glossary_for_prompt_updates PASSED [ 32%]
tests/test_handlers/test_app_action_handler.py::test_AppActionHandler_load_all_data_success PASSED [ 32%]
tests/test_handlers/test_app_action_handler.py::test_AppActionHandler_load_all_data_error PASSED [ 32%]
tests/test_handlers/test_glossary_logic.py::test_GlossaryManager_normalize_term PASSED [ 32%]
tests/test_handlers/test_glossary_logic.py::test_GlossaryManager_parse_markdown PASSED [ 32%]
tests/test_handlers/test_glossary_logic.py::test_GlossaryManager_regex_matching PASSED [ 33%]
tests/test_handlers/test_glossary_logic.py::test_GlossaryManager_build_occurrence_index PASSED [ 33%]
tests/test_handlers/test_glossary_logic.py::test_GlossaryManager_session_changes_tracking PASSED [ 33%]
tests/test_handlers/test_issue_scan_handler.py::test_IssueScanHandler_init PASSED [ 33%]
tests/test_handlers/test_issue_scan_handler.py::test_IssueScanHandler_perform_issues_scan_for_block PASSED [ 33%]
tests/test_handlers/test_issue_scan_handler.py::test_IssueScanHandler_perform_issues_scan_for_block_sublines PASSED [ 33%]
tests/test_handlers/test_issue_scan_handler.py::test_IssueScanHandler_initial_silent_scan PASSED [ 33%]
tests/test_handlers/test_issue_scan_handler.py::test_IssueScanHandler_rescan_issues_for_single_block PASSED [ 34%]
tests/test_handlers/test_issue_scan_handler.py::test_IssueScanHandler_rescan_all_tags PASSED [ 34%]
tests/test_handlers/test_list_selection_handler.py::test_ListSelectionHandler_init PASSED [ 34%]
tests/test_handlers/test_list_selection_handler.py::test_ListSelectionHandler_navigate_between_blocks PASSED [ 34%]
tests/test_handlers/test_list_selection_handler.py::test_ListSelectionHandler_navigate_between_folders PASSED [ 34%]
tests/test_handlers/test_list_selection_handler.py::test_ListSelectionHandler_block_selected PASSED [ 34%]
tests/test_handlers/test_list_selection_handler.py::test_ListSelectionHandler_restore_block_selection PASSED [ 35%]
tests/test_handlers/test_list_selection_handler.py::test_ListSelectionHandler_update_block_toolbar_button_states PASSED [ 35%]
tests/test_handlers/test_list_selection_handler.py::test_ListSelectionHandler_select_string_by_absolute_index PASSED [ 35%]
tests/test_handlers/test_list_selection_handler.py::test_ListSelectionHandler_string_selected_from_preview PASSED [ 35%]
tests/test_handlers/test_list_selection_handler.py::test_ListSelectionHandler_rename_block PASSED [ 35%]
tests/test_handlers/test_list_selection_handler.py::test_ListSelectionHandler_handle_block_item_text_changed PASSED [ 35%]
tests/test_handlers/test_list_selection_handler.py::test_ListSelectionHandler_data_string_has_any_problem PASSED [ 36%]
tests/test_handlers/test_list_selection_handler.py::test_ListSelectionHandler_navigate_to_problem_string PASSED [ 36%]
tests/test_handlers/test_list_selection_handler.py::test_ListSelectionHandler_handle_preview_selection_changed PASSED [ 36%]
tests/test_handlers/test_list_selection_handler.py::test_ListSelectionHandler_move_selection_to_category PASSED [ 36%]
tests/test_handlers/test_list_selection_handler.py::test_ListSelectionHandler_rename_category PASSED [ 36%]
tests/test_handlers/test_list_selection_handler.py::test_ListSelectionHandler_delete_category PASSED [ 36%]
tests/test_handlers/test_list_selection_handler.py::test_ListSelectionHandler_toggles PASSED [ 36%]
tests/test_handlers/test_list_selection_handler.py::test_ListSelectionHandler_string_selected_from_preview_invalid PASSED [ 37%]
tests/test_handlers/test_list_selection_handler.py::test_ListSelectionHandler_handle_block_item_text_changed_empty PASSED [ 37%]
tests/test_handlers/test_list_selection_handler.py::test_ListSelectionHandler_handle_block_item_text_changed_folder PASSED [ 37%]
tests/test_handlers/test_list_selection_handler.py::test_ListSelectionHandler_navigate_to_problem_backward PASSED [ 37%]
tests/test_handlers/test_list_selection_handler.py::test_ListSelectionHandler_navigate_to_problem_not_found PASSED [ 37%]
tests/test_handlers/test_list_selection_handler.py::test_ListSelectionHandler_preview_selection_with_selection PASSED [ 37%]
tests/test_handlers/test_list_selection_handler.py::test_ListSelectionHandler_move_selection_to_category_branches PASSED [ 38%]
tests/test_handlers/test_project_action_handler.py::test_ProjectActionHandler_init PASSED [ 38%]
tests/test_handlers/test_project_action_handler.py::test_ProjectActionHandler_set_project_actions_enabled PASSED [ 38%]
tests/test_handlers/test_project_action_handler.py::test_ProjectActionHandler_create_new_project_action PASSED [ 38%]
tests/test_handlers/test_project_action_handler.py::test_ProjectActionHandler_open_project_action PASSED [ 38%]
tests/test_handlers/test_project_action_handler.py::test_ProjectActionHandler_close_project_action PASSED [ 38%]
tests/test_handlers/test_project_action_handler.py::test_ProjectActionHandler_import_block_action PASSED [ 39%]
tests/test_handlers/test_project_action_handler.py::test_ProjectActionHandler_import_directory_action PASSED [ 39%]
tests/test_handlers/test_project_action_handler.py::test_ProjectActionHandler_delete_block_action PASSED [ 39%]
tests/test_handlers/test_project_action_handler.py::test_ProjectActionHandler_move_block_up_action PASSED [ 39%]
tests/test_handlers/test_project_action_handler.py::test_ProjectActionHandler_move_block_down_action PASSED [ 39%]
tests/test_handlers/test_project_action_handler.py::test_ProjectActionHandler_add_folder_action PASSED [ 39%]
tests/test_handlers/test_project_action_handler.py::test_ProjectActionHandler_add_items_to_folder_action PASSED [ 39%]
tests/test_handlers/test_project_action_handler.py::test_ProjectActionHandler_populate_blocks_from_project PASSED [ 40%]
tests/test_handlers/test_project_action_handler.py::test_ProjectActionHandler_expand_all_action PASSED [ 40%]
tests/test_handlers/test_project_action_handler.py::test_ProjectActionHandler_collapse_all_action PASSED [ 40%]
tests/test_handlers/test_project_action_handler.py::test_ProjectActionHandler_update_all_folder_expansion_state PASSED [ 40%]
tests/test_handlers/test_project_action_handler.py::test_ProjectActionHandler_delete_block_action_folder PASSED [ 40%]
tests/test_handlers/test_project_action_handler.py::test_ProjectActionHandler_open_recent_project PASSED [ 40%]
tests/test_handlers/test_project_action_handler.py::test_ProjectActionHandler_populate_blocks_internal_key PASSED [ 41%]
tests/test_handlers/test_project_action_handler.py::test_ProjectActionHandler_populate_blocks_internal_key_missing PASSED [ 41%]
tests/test_handlers/test_project_action_handler.py::test_ProjectActionHandler_populate_blocks_with_translations PASSED [ 41%]
tests/test_handlers/test_project_action_handler.py::test_ProjectActionHandler_clear_recent_projects PASSED [ 41%]
tests/test_handlers/test_search_handler.py::test_SearchHandler_init PASSED [ 41%]
tests/test_handlers/test_search_handler.py::test_SearchHandler_get_current_search_params PASSED [ 41%]
tests/test_handlers/test_search_handler.py::test_SearchHandler_get_text_for_search PASSED [ 42%]
tests/test_handlers/test_search_handler.py::test_SearchHandler_reset_search PASSED [ 42%]
tests/test_handlers/test_search_handler.py::test_SearchHandler_find_in_text PASSED [ 42%]
tests/test_handlers/test_search_handler.py::test_SearchHandler_find_nth_occurrence_in_display_text PASSED [ 42%]
tests/test_handlers/test_search_handler.py::test_SearchHandler_calculate_qtextblock_and_pos_in_block PASSED [ 42%]
tests/test_handlers/test_search_handler.py::test_SearchHandler_clear_all_search_highlights PASSED [ 42%]
tests/test_handlers/test_search_handler.py::test_SearchHandler_find_next PASSED [ 42%]
tests/test_handlers/test_search_handler.py::test_SearchHandler_find_previous PASSED [ 43%]
tests/test_handlers/test_search_handler.py::test_SearchHandler_navigate_to_match_precise PASSED [ 43%]
tests/test_handlers/test_search_handler.py::test_SearchHandler_navigate_to_match_tagless PASSED [ 43%]
tests/test_handlers/test_search_handler_logic.py::test_search_exact_match_no_tags PASSED [ 43%]
tests/test_handlers/test_search_handler_logic.py::test_search_with_zelda_plus_exact PASSED [ 43%]
tests/test_handlers/test_search_handler_logic.py::test_search_fuzzy_with_zelda_plus PASSED [ 43%]
tests/test_handlers/test_search_handler_logic.py::test_find_in_text_exact_returns_correct_length PASSED [ 44%]
tests/test_handlers/test_search_handler_logic.py::test_find_in_text_exact_not_found PASSED [ 44%]
tests/test_handlers/test_search_handler_logic.py::test_find_in_text_fuzzy_returns_matched_word_length PASSED [ 44%]
tests/test_handlers/test_search_handler_logic.py::test_find_in_text_fuzzy_returns_actual_word_not_query_length PASSED [ 44%]
tests/test_handlers/test_string_settings_handler.py::test_StringSettingsHandler_init PASSED [ 44%]
tests/test_handlers/test_string_settings_handler.py::test_StringSettingsHandler_on_font_changed PASSED [ 44%]
tests/test_handlers/test_string_settings_handler.py::test_StringSettingsHandler_on_width_changed PASSED [ 45%]
tests/test_handlers/test_string_settings_handler.py::test_StringSettingsHandler_apply_settings_change PASSED [ 45%]
tests/test_handlers/test_string_settings_handler.py::test_StringSettingsHandler_apply_font_to_range PASSED [ 45%]
tests/test_handlers/test_string_settings_handler.py::test_StringSettingsHandler_apply_font_to_lines PASSED [ 45%]
tests/test_handlers/test_string_settings_handler.py::test_StringSettingsHandler_apply_width_to_range PASSED [ 45%]
tests/test_handlers/test_string_settings_handler.py::test_StringSettingsHandler_apply_width_to_lines PASSED [ 45%]
tests/test_handlers/test_string_settings_handler.py::test_StringSettingsHandler_apply_and_rescan PASSED [ 45%]
tests/test_handlers/test_string_settings_handler.py::test_StringSettingsHandler_delete_font_if_default PASSED [ 46%]
tests/test_handlers/test_string_settings_handler.py::test_StringSettingsHandler_delete_width_if_default PASSED [ 46%]
tests/test_handlers/test_text_analysis_handler.py::test_TextAnalysisHandler_init PASSED [ 46%]
tests/test_handlers/test_text_analysis_handler.py::test_TextAnalysisHandler_ensure_menu_action PASSED [ 46%]
tests/test_handlers/test_text_analysis_handler.py::test_TextAnalysisHandler_analyze_original_text PASSED [ 46%]
tests/test_handlers/test_text_analysis_handler.py::test_TextAnalysisHandler_activate_entry PASSED [ 46%]
tests/test_handlers/test_text_analysis_handler.py::test_TextAnalysisHandler_analyze_no_data PASSED [ 47%]
tests/test_handlers/test_text_analysis_handler.py::test_TextAnalysisHandler_analyze_no_font_maps PASSED [ 47%]
tests/test_handlers/test_text_analysis_handler.py::test_TextAnalysisHandler_activate_entry_invalid PASSED [ 47%]
tests/test_handlers/test_text_autofix_logic.py::test_TextAutofixLogic_init PASSED [ 47%]
tests/test_handlers/test_text_autofix_logic.py::test_TextAutofixLogicends_with_sentence_punctuation PASSED [ 47%]
tests/test_handlers/test_text_autofix_logic.py::test_TextAutofixLogicextract_first_word_with_tags PASSED [ 47%]
tests/test_handlers/test_text_autofix_logic.py::test_TextAutofixLogicfix_empty_odd_sublines PASSED [ 48%]
tests/test_handlers/test_text_autofix_logic.py::test_TextAutofixLogicfix_short_lines PASSED [ 48%]
tests/test_handlers/test_text_autofix_logic.py::test_TextAutofixLogicfix_width_exceeded PASSED [ 48%]
tests/test_handlers/test_text_autofix_logic.py::test_TextAutofixLogicfix_blue_sublines PASSED [ 48%]
tests/test_handlers/test_text_autofix_logic.py::test_TextAutofixLogicfix_leading_spaces_in_sublines PASSED [ 48%]
tests/test_handlers/test_text_autofix_logic.py::test_TextAutofixLogiccleanup_spaces_around_tags PASSED [ 48%]
tests/test_handlers/test_text_autofix_logic.py::test_TextAutofixLogic_auto_fix_current_string PASSED [ 48%]
tests/test_handlers/test_text_autofix_logic.py::test_TextAutofixLogic_coverage_corner_cases PASSED [ 49%]
tests/test_handlers/test_text_autofix_logic.py::test_TextAutofixLogic_fix_short_lines_merge PASSED [ 49%]
tests/test_handlers/test_text_autofix_logic.py::test_TextAutofixLogic_fix_width_exceeded_corner PASSED [ 49%]
tests/test_handlers/test_text_autofix_logic.py::test_TextAutofixLogic_fix_blue_sublines_corner PASSED [ 49%]
tests/test_handlers/test_text_autofix_logic.py::test_TextAutofixLogic_cleanup_spaces_corner PASSED [ 49%]
tests/test_handlers/test_text_autofix_logic.py::test_TextAutofixLogic_auto_fix_current_string_corner PASSED [ 49%]
tests/test_handlers/test_text_operation_handler.py::test_TextOperationHandler_init PASSED [ 50%]
tests/test_handlers/test_text_operation_handler.py::test_TextOperationHandler_text_edited PASSED [ 50%]
tests/test_handlers/test_text_operation_handler.py::test_TextOperationHandler_paste_block_text PASSED [ 50%]
tests/test_handlers/test_text_operation_handler.py::test_TextOperationHandler_revert_single_line PASSED [ 50%]
tests/test_handlers/test_text_operation_handler.py::test_TextOperationHandler_auto_fix_current_string PASSED [ 50%]
tests/test_handlers/test_text_operation_handler.py::test_TextOperationHandler_rescan_issues_for_current_string PASSED [ 50%]
tests/test_handlers/test_text_operation_handler.py::test_TextOperationHandler_rescan_issues_subline PASSED [ 51%]
tests/test_handlers/test_text_operation_handler.py::test_TextOperationHandler_rescan_issues_no_rules PASSED [ 51%]
tests/test_handlers/test_text_operation_handler.py::test_TextOperationHandler_update_preview_content PASSED [ 51%]
tests/test_handlers/test_text_operation_handler.py::test_TextOperationHandler_text_edited_early_returns PASSED [ 51%]
tests/test_handlers/test_text_operation_handler.py::test_TextOperationHandler_paste_block_text_errors PASSED [ 51%]
tests/test_handlers/test_text_operation_handler.py::test_TextOperationHandler_calculate_width PASSED [ 51%]
tests/test_handlers/test_text_operation_handler.py::test_TextOperationHandler_autofix_errors PASSED [ 51%]
tests/test_handlers/test_translation/test_ai_lifecycle_manager.py::test_ailm_register_handler PASSED [ 52%]
tests/test_handlers/test_translation/test_ai_lifecycle_manager.py::test_ailm_prepare_provider PASSED [ 52%]
tests/test_handlers/test_translation/test_ai_lifecycle_manager.py::test_ailm_run_ai_task PASSED [ 52%]
tests/test_handlers/test_translation/test_ai_lifecycle_manager.py::test_ailm_on_thread_finished PASSED [ 52%]
tests/test_handlers/test_translation/test_ai_lifecycle_manager.py::test_ailm_callbacks PASSED [ 52%]
tests/test_handlers/test_translation/test_ai_lifecycle_manager.py::test_ailm_handle_task_error PASSED [ 52%]
tests/test_handlers/test_translation/test_ai_lifecycle_manager.py::test_ailm_clean_model_output PASSED [ 53%]
tests/test_handlers/test_translation/test_ai_lifecycle_manager.py::test_ailm_perform_retry PASSED [ 53%]
tests/test_handlers/test_translation/test_ai_worker.py::test_AIWorker_init PASSED [ 53%]
tests/test_handlers/test_translation/test_ai_worker.py::test_AIWorker_cancel PASSED [ 53%]
tests/test_handlers/test_translation/test_ai_worker.py::test_AIWorkerclean_json_response PASSED [ 53%]
tests/test_handlers/test_translation/test_ai_worker.py::test_AIWorker_run_chat_message PASSED [ 53%]
tests/test_handlers/test_translation/test_ai_worker.py::test_AIWorker_run_build_glossary PASSED [ 54%]
tests/test_handlers/test_translation/test_ai_worker.py::test_AIWorker_run_translate_block_chunked PASSED [ 54%]
tests/test_handlers/test_translation/test_ai_worker.py::test_AIWorker_run_cancelled PASSED [ 54%]
tests/test_handlers/test_translation/test_ai_worker.py::test_AIWorker_run_chat_message_stream PASSED [ 54%]
tests/test_handlers/test_translation/test_glossary_builder_handler.py::test_gbh_split_text_into_chunks PASSED [ 54%]
tests/test_handlers/test_translation/test_glossary_builder_handler.py::test_gbh_mask_tags_for_ai PASSED [ 54%]
tests/test_handlers/test_translation/test_glossary_builder_handler.py::test_gbh_clean_json_response PASSED [ 54%]
tests/test_handlers/test_translation/test_glossary_builder_handler.py::test_gbh_resolve_translation_credentials PASSED [ 55%]
tests/test_handlers/test_translation/test_glossary_builder_handler.py::test_gbh_build_glossary_for_block_empty PASSED [ 55%]
tests/test_handlers/test_translation/test_glossary_builder_handler.py::test_gbh_build_glossary_for_block_no_key PASSED [ 55%]
tests/test_handlers/test_translation/test_glossary_builder_handler.py::test_gbh_build_glossary_for_block_success PASSED [ 55%]
tests/test_handlers/test_translation/test_glossary_builder_handler.py::test_gbh_start_async_glossary_task PASSED [ 55%]
tests/test_handlers/test_translation/test_glossary_builder_handler.py::test_gbh_on_glossary_success PASSED [ 55%]
tests/test_handlers/test_translation/test_glossary_builder_handler.py::test_gbh_on_glossary_error_cancelled PASSED [ 56%]
tests/test_handlers/test_translation/test_glossary_builder_handler.py::test_gbh_cleanup_worker PASSED [ 56%]
tests/test_handlers/test_translation/test_glossary_handler.py::test_gh_proxies PASSED [ 56%]
tests/test_handlers/test_translation/test_glossary_handler.py::test_gh_install_menu_actions PASSED [ 56%]
tests/test_handlers/test_translation/test_glossary_handler.py::test_gh_initialize_glossary_highlighting PASSED [ 56%]
tests/test_handlers/test_translation/test_glossary_handler.py::test_gh_show_glossary_dialog PASSED [ 56%]
tests/test_handlers/test_translation/test_glossary_handler.py::test_gh_add_edit_glossary_entry PASSED [ 57%]
tests/test_handlers/test_translation/test_glossary_handler.py::test_gh_ai_fill_glossary_entry PASSED [ 57%]
tests/test_handlers/test_translation/test_glossary_handler.py::test_gh_handle_ai_fill PASSED [ 57%]
tests/test_handlers/test_translation/test_glossary_handler.py::test_gh_start_glossary_notes_variation PASSED [ 57%]
tests/test_handlers/test_translation/test_glossary_handler.py::test_gh_handle_notes_variation_from_dialog PASSED [ 57%]
tests/test_handlers/test_translation/test_glossary_handler.py::test_gh_handle_glossary_notes_variation_success PASSED [ 57%]
tests/test_handlers/test_translation/test_glossary_handler.py::test_gh_jump_to_occurrence PASSED [ 57%]
tests/test_handlers/test_translation/test_glossary_handler.py::test_gh_handle_glossary_entry_update PASSED [ 58%]
tests/test_handlers/test_translation/test_glossary_handler.py::test_gh_handle_glossary_entry_delete PASSED [ 58%]
tests/test_handlers/test_translation/test_glossary_occurrence_updater.py::test_gou_show_translation_update_dialog PASSED [ 58%]
tests/test_handlers/test_translation/test_glossary_occurrence_updater.py::test_gou_on_dialog_closed PASSED [ 58%]
tests/test_handlers/test_translation/test_glossary_occurrence_updater.py::test_gou_occurrence_helpers PASSED [ 58%]
tests/test_handlers/test_translation/test_glossary_occurrence_updater.py::test_gou_request_ai_occurrence_update PASSED [ 58%]
tests/test_handlers/test_translation/test_glossary_occurrence_updater.py::test_gou_request_glossary_occurrence_update PASSED [ 59%]
tests/test_handlers/test_translation/test_glossary_occurrence_updater.py::test_gou_ai_response_handlers PASSED [ 59%]
tests/test_handlers/test_translation/test_glossary_occurrence_updater.py::test_gou_handle_glossary_occurrence_update_success PASSED [ 59%]
tests/test_handlers/test_translation/test_glossary_occurrence_updater.py::test_gou_handle_glossary_occurrence_batch_success PASSED [ 59%]
tests/test_handlers/test_translation/test_glossary_occurrence_updater.py::test_gou_request_glossary_notes_variation PASSED [ 59%]
tests/test_handlers/test_translation_handler.py::test_th_initialization PASSED [ 59%]
tests/test_handlers/test_translation_handler.py::test_th_glossary_delegation PASSED [ 60%]
tests/test_handlers/test_translation_handler.py::test_th_append_selection_to_glossary PASSED [ 60%]
tests/test_handlers/test_translation_handler.py::test_th_reset_translation_session PASSED [ 60%]
tests/test_handlers/test_translation_handler.py::test_th_maybe_edit_prompt PASSED [ 60%]
tests/test_handlers/test_translation_handler.py::test_th_session_preparation PASSED [ 60%]
tests/test_handlers/test_translation_handler.py::test_th_prompt_for_revert_after_cancel PASSED [ 60%]
tests/test_handlers/test_translation_handler.py::test_th_translate_current_string PASSED [ 60%]
tests/test_handlers/test_translation_handler.py::test_th_translate_preview_selection PASSED [ 61%]
tests/test_handlers/test_translation_handler.py::test_th_translate_current_block PASSED [ 61%]
tests/test_handlers/test_translation_handler.py::test_th_resume_block_translation PASSED [ 61%]
tests/test_handlers/test_translation_handler.py::test_th_handle_chunk_translated PASSED [ 61%]
tests/test_handlers/test_translation_handler.py::test_th_handle_preview_translation_success PASSED [ 61%]
tests/test_handlers/test_translation_handler.py::test_th_handle_single_translation_success PASSED [ 61%]
tests/test_handlers/test_translation_handler.py::test_th_handle_variation_success PASSED [ 62%]
tests/test_handlers/test_translation_handler.py::test_th_translate_selected_lines PASSED [ 62%]
tests/test_handlers/test_width_calculation_async.py::test_calculate_widths_for_block_action_async_no_freeze PASSED [ 62%]
tests/test_issue_scan_handler.py::test_issue_scan_basic_isolation PASSED [ 62%]
tests/test_plugins/test_base_game_rules.py::test_BaseGameRules_load_data_list PASSED [ 62%]
tests/test_plugins/test_base_game_rules.py::test_BaseGameRules_load_data_dict PASSED [ 62%]
tests/test_plugins/test_base_game_rules.py::test_BaseGameRules_load_data_kruptar PASSED [ 63%]
tests/test_plugins/test_base_game_rules.py::test_BaseGameRules_save_data_kruptar PASSED [ 63%]
tests/test_plugins/test_base_game_rules.py::test_BaseGameRules_get_spellcheck_ignore_pattern PASSED [ 63%]
tests/test_plugins/test_base_game_rules.py::test_BaseGameRules_get_text_representation_for_preview PASSED [ 63%]
tests/test_plugins/test_pokemon_fr/test_rules.py::test_GameRules_init PASSED [ 63%]
tests/test_plugins/test_pokemon_fr/test_rules.py::test_GameRules_load_data_from_json_obj PASSED [ 63%]
tests/test_plugins/test_pokemon_fr/test_rules.py::test_GameRules_save_data_to_json_obj PASSED [ 63%]
tests/test_plugins/test_pokemon_fr/test_rules.py::test_GameRules_get_display_name PASSED [ 64%]
tests/test_plugins/test_pokemon_fr/test_rules.py::test_GameRules_get_problem_definitions PASSED [ 64%]
tests/test_plugins/test_pokemon_fr/test_rules.py::test_GameRules_get_syntax_highlighting_rules PASSED [ 64%]
tests/test_plugins/test_pokemon_fr/test_rules.py::test_GameRules_get_legitimate_tags PASSED [ 64%]
tests/test_plugins/test_pokemon_fr/test_rules.py::test_GameRules_analyze_subline PASSED [ 64%]
tests/test_plugins/test_pokemon_fr/test_rules.py::test_GameRules_autofix_data_string PASSED [ 64%]
tests/test_plugins/test_pokemon_fr/test_rules.py::test_GameRules_process_pasted_segment PASSED [ 65%]
tests/test_plugins/test_pokemon_fr/test_rules.py::test_GameRules_calculate_string_width_override PASSED [ 65%]
tests/test_plugins/test_pokemon_fr/test_rules.py::test_GameRules_get_text_representation_for_preview PASSED [ 65%]
tests/test_plugins/test_pokemon_fr/test_rules.py::test_GameRules_get_text_representation_for_editor PASSED [ 65%]
tests/test_plugins/test_pokemon_fr/test_rules.py::test_GameRules_convert_editor_text_to_data PASSED [ 65%]
tests/test_plugins/test_pokemon_fr/test_rules.py::test_GameRules_get_editor_page_size PASSED [ 65%]
tests/test_plugins/test_zelda_mc/test_rules.py::test_GameRules_init PASSED [ 66%]
tests/test_plugins/test_zelda_mc/test_rules.py::test_GameRules_load_data_from_json_obj PASSED [ 66%]
tests/test_plugins/test_zelda_mc/test_rules.py::test_GameRules_save_data_to_json_obj PASSED [ 66%]
tests/test_plugins/test_zelda_mc/test_rules.py::test_GameRules_get_display_name PASSED [ 66%]
tests/test_plugins/test_zelda_mc/test_rules.py::test_GameRules_get_default_tag_mappings PASSED [ 66%]
tests/test_plugins/test_zelda_mc/test_rules.py::test_GameRules_get_tag_checker_handler PASSED [ 66%]
tests/test_plugins/test_zelda_mc/test_rules.py::test_GameRules_get_syntax_highlighting_rules PASSED [ 66%]
tests/test_plugins/test_zelda_mc/test_rules.py::test_GameRules_get_legitimate_tags PASSED [ 67%]
tests/test_plugins/test_zelda_mc/test_rules.py::test_GameRules_is_tag_legitimate PASSED [ 67%]
tests/test_plugins/test_zelda_mc/test_rules.py::test_GameRules_get_problem_definitions PASSED [ 67%]
tests/test_plugins/test_zelda_mc/test_rules.py::test_GameRules_get_color_marker_definitions PASSED [ 67%]
tests/test_plugins/test_zelda_mc/test_rules.py::test_GameRules_get_short_problem_name PASSED [ 67%]
tests/test_plugins/test_zelda_mc/test_rules.py::test_GameRules_get_plugin_actions PASSED [ 67%]
tests/test_plugins/test_zelda_mc/test_rules.py::test_GameRules_get_text_representation_for_preview PASSED [ 68%]
tests/test_plugins/test_zelda_mc/test_rules.py::test_GameRules_get_text_representation_for_editor PASSED [ 68%]
tests/test_plugins/test_zelda_mc/test_rules.py::test_GameRules_convert_editor_text_to_data PASSED [ 68%]
tests/test_plugins/test_zelda_mc/test_rules.py::test_GameRules_analyze_subline PASSED [ 68%]
tests/test_plugins/test_zelda_mc/test_rules.py::test_GameRules_autofix_data_string PASSED [ 68%]
tests/test_plugins/test_zelda_mc/test_rules.py::test_GameRules_process_pasted_segment PASSED [ 68%]
tests/test_plugins/test_zelda_mc/test_rules.py::test_GameRules_get_base_game_rules_class PASSED [ 69%]
tests/test_plugins/test_zelda_mc_rules.py::test_ZeldaMC_display_name PASSED [ 69%]
tests/test_plugins/test_zelda_mc_rules.py::test_ZeldaMC_tag_mappings PASSED [ 69%]
tests/test_plugins/test_zelda_mc_rules.py::test_ZeldaMC_tag_legitimacy PASSED [ 69%]
tests/test_plugins/test_zelda_mc_rules.py::test_ZeldaMC_short_problem_names PASSED [ 69%]
tests/test_plugins/test_zelda_mc_rules.py::test_ZeldaMC_analyze_subline PASSED [ 69%]
tests/test_plugins/test_zelda_mc_rules.py::test_ZeldaMC_color_marker_definitions PASSED [ 69%]
tests/test_plugins/test_zelda_ww/test_rules.py::test_GameRules_init PASSED [ 70%]
tests/test_plugins/test_zelda_ww/test_rules.py::test_GameRules_load_data_from_json_obj PASSED [ 70%]
tests/test_plugins/test_zelda_ww/test_rules.py::test_GameRules_save_data_to_json_obj PASSED [ 70%]
tests/test_plugins/test_zelda_ww/test_rules.py::test_GameRules_get_display_name PASSED [ 70%]
tests/test_plugins/test_zelda_ww/test_rules.py::test_GameRules_get_problem_definitions PASSED [ 70%]
tests/test_plugins/test_zelda_ww/test_rules.py::test_GameRules_get_syntax_highlighting_rules PASSED [ 70%]
tests/test_plugins/test_zelda_ww/test_rules.py::test_GameRules_get_legitimate_tags PASSED [ 71%]
tests/test_plugins/test_zelda_ww/test_rules.py::test_GameRules_is_tag_legitimate PASSED [ 71%]
tests/test_plugins/test_zelda_ww/test_rules.py::test_GameRules_analyze_subline PASSED [ 71%]
tests/test_plugins/test_zelda_ww/test_rules.py::test_GameRules_autofix_data_string PASSED [ 71%]
tests/test_plugins/test_zelda_ww/test_rules.py::test_GameRules_process_pasted_segment PASSED [ 71%]
tests/test_plugins/test_zelda_ww/test_rules.py::test_GameRules_calculate_string_width_override PASSED [ 71%]
tests/test_plugins/test_zelda_ww/test_rules.py::test_GameRules_get_short_problem_name PASSED [ 72%]
tests/test_plugins/test_zelda_ww/test_rules.py::test_GameRules_get_text_representation_for_preview PASSED [ 72%]
tests/test_plugins/test_zelda_ww/test_rules.py::test_GameRules_get_text_representation_for_editor PASSED [ 72%]
tests/test_plugins/test_zelda_ww/test_rules.py::test_GameRules_convert_editor_text_to_data PASSED [ 72%]
tests/test_plugins/test_zelda_ww/test_rules.py::test_GameRules_get_enter_char PASSED [ 72%]
tests/test_plugins/test_zelda_ww/test_rules.py::test_GameRules_get_editor_page_size PASSED [ 72%]
tests/test_plugins/test_zelda_ww_rules.py::test_ZeldaWW_display_name PASSED [ 72%]
tests/test_plugins/test_zelda_ww_rules.py::test_ZeldaWW_tag_legitimacy PASSED [ 73%]
tests/test_plugins/test_zelda_ww_rules.py::test_ZeldaWW_analyze_data_string_width PASSED [ 73%]
tests/test_plugins/test_zelda_ww_rules.py::test_ZeldaWW_analyze_empty_first_line_of_page PASSED [ 73%]
tests/test_plugins/test_zelda_ww_rules.py::test_ZeldaWW_fix_empty_odd_sublines PASSED [ 73%]
tests/test_plugins/test_zelda_ww_rules.py::test_ZeldaWW_cleanup_spaces_around_tags PASSED [ 73%]
tests/test_plugins/test_zelda_ww_rules.py::test_ZeldaWW_cleanup_spaces_closing_color_tag PASSED [ 73%]
tests/test_plugins/test_zelda_ww_rules.py::test_ZeldaWW_autofix_integration PASSED [ 74%]
tests/test_project_lifecycle.py::TestProjectLifecycle::test_complete_project_load_and_population PASSED [ 74%]
tests/test_project_manager.py::test_basic_project_creation PASSED        [ 74%]
tests/test_project_manager.py::test_load_save_project PASSED             [ 74%]
tests/test_project_manager.py::test_add_block PASSED                     [ 74%]
tests/test_project_manager.py::test_categories PASSED                    [ 74%]
tests/test_project_manager.py::test_uncategorized_lines PASSED           [ 75%]
tests/test_project_manager.py::test_serialization PASSED                 [ 75%]
tests/test_project_models.py::TestCategory::test_create_with_defaults PASSED [ 75%]
tests/test_project_models.py::TestCategory::test_to_dict_from_dict_roundtrip PASSED [ 75%]
tests/test_project_models.py::TestCategory::test_add_child PASSED        [ 75%]
tests/test_project_models.py::TestCategory::test_remove_child PASSED     [ 75%]
tests/test_project_models.py::TestCategory::test_remove_nonexistent_child PASSED [ 75%]
tests/test_project_models.py::TestCategory::test_find_category_direct PASSED [ 76%]
tests/test_project_models.py::TestCategory::test_find_category_nested PASSED [ 76%]
tests/test_project_models.py::TestCategory::test_serialization_with_children PASSED [ 76%]
tests/test_project_models.py::TestBlock::test_create_with_defaults PASSED [ 76%]
tests/test_project_models.py::TestBlock::test_to_dict_from_dict_roundtrip PASSED [ 76%]
tests/test_project_models.py::TestBlock::test_add_category PASSED        [ 76%]
tests/test_project_models.py::TestBlock::test_remove_category PASSED     [ 77%]
tests/test_project_models.py::TestBlock::test_find_category_recursive PASSED [ 77%]
tests/test_project_models.py::TestBlock::test_get_all_categories_flat PASSED [ 77%]
tests/test_project_models.py::TestBlock::test_get_categorized_line_indices PASSED [ 77%]
tests/test_project_models.py::TestBlock::test_serialization_with_categories PASSED [ 77%]
tests/test_project_models.py::TestProject::test_create_with_defaults PASSED [ 77%]
tests/test_project_models.py::TestProject::test_add_block PASSED         [ 78%]
tests/test_project_models.py::TestProject::test_remove_block PASSED      [ 78%]
tests/test_project_models.py::TestProject::test_find_block_by_id PASSED  [ 78%]
tests/test_project_models.py::TestProject::test_find_block_by_name PASSED [ 78%]
tests/test_project_models.py::TestProject::test_find_nonexistent_block PASSED [ 78%]
tests/test_project_models.py::TestProject::test_full_serialization_roundtrip PASSED [ 78%]
tests/test_search_handler.py::TestSearchHandler::test_search_basic PASSED [ 78%]
tests/test_search_handler.py::TestSearchHandler::test_search_previous PASSED [ 79%]
tests/test_search_handler.py::TestSearchHandler::test_search_reset PASSED [ 79%]
tests/test_settings_manager.py::test_initialization PASSED               [ 79%]
tests/test_settings_manager.py::test_set_and_get PASSED                  [ 79%]
tests/test_settings_manager.py::test_save_and_load_global_settings PASSED [ 79%]
tests/test_settings_manager.py::test_recent_projects PASSED              [ 79%]
tests/test_text_operation_handler.py::test_text_edited_basic PASSED      [ 80%]
tests/test_text_operation_handler.py::test_revert_line PASSED            [ 80%]
tests/test_ui/test_glossary_ui_logic.py::test_glossary_highlighting_updates_all_editors PASSED [ 80%]
tests/test_ui/test_glossary_ui_logic.py::test_glossary_entry_finding_uses_correct_attributes PASSED [ 80%]
tests/test_ui/test_glossary_ui_logic.py::test_glossary_tooltip_shows_correct_text PASSED [ 80%]
tests/test_ui/test_glossary_ui_logic.py::test_glossary_highlighted_after_set_plain_text PASSED [ 80%]
tests/test_ui/test_ui_updater.py::test_UIUpdater_init PASSED             [ 81%]
tests/test_ui/test_ui_updater.py::test_UIUpdater_get_tree_state PASSED   [ 81%]
tests/test_ui/test_ui_updater.py::test_UIUpdater_apply_tree_state PASSED [ 81%]
tests/test_ui/test_ui_updater.py::test_UIUpdater_get_item_id PASSED      [ 81%]
tests/test_ui/test_ui_updater.py::test_UIUpdater_highlight_glossary_occurrence PASSED [ 81%]
tests/test_ui/test_ui_updater.py::test_UIUpdater_get_aggregated_problems_for_block PASSED [ 81%]
tests/test_ui/test_ui_updater.py::test_UIUpdater_create_block_tree_item PASSED [ 81%]
tests/test_ui/test_ui_updater.py::test_UIUpdater_add_virtual_folder_to_tree PASSED [ 82%]
tests/test_ui/test_ui_updater.py::test_UIUpdater_populate_blocks PASSED  [ 82%]
tests/test_ui/test_ui_updater.py::test_UIUpdater_update_block_item_text_with_problem_count PASSED [ 82%]
tests/test_ui/test_ui_updater.py::test_UIUpdater_synchronize_original_cursor PASSED [ 82%]
tests/test_ui/test_ui_updater.py::test_UIUpdater_apply_highlights_for_block PASSED [ 82%]
tests/test_ui/test_ui_updater.py::test_UIUpdater_apply_highlights_to_editor PASSED [ 82%]
tests/test_ui/test_ui_updater.py::test_UIUpdater_apply_highlights_for_block_no_edit PASSED [ 83%]
tests/test_ui/test_ui_updater.py::test_UIUpdater_apply_highlights_for_block_no_rules PASSED [ 83%]
tests/test_ui/test_ui_updater.py::test_UIUpdater_apply_highlights_for_block_out_of_range PASSED [ 83%]
tests/test_ui/test_ui_updater.py::test_UIUpdater_apply_highlights_for_block_with_no_displayed_indices PASSED [ 83%]
tests/test_ui/test_ui_updater.py::test_UIUpdater_apply_highlights_for_block_with_categorized PASSED [ 83%]
tests/test_ui/test_ui_updater.py::test_UIUpdater_apply_highlights_to_editor_no_editor PASSED [ 83%]
tests/test_ui/test_ui_updater.py::test_UIUpdater_apply_highlights_to_editor_negative_idx PASSED [ 84%]
tests/test_ui/test_ui_updater.py::test_UIUpdater_apply_highlights_to_editor_with_empty_subline_problem PASSED [ 84%]
tests/test_ui/test_ui_updater.py::test_UIUpdater_get_all_categorized_indices_for_block PASSED [ 84%]
tests/test_ui/test_ui_updater.py::test_UIUpdater_populate_strings_for_block PASSED [ 84%]
tests/test_ui/test_ui_updater.py::test_UIUpdater_populate_strings_for_block_invalid PASSED [ 84%]
tests/test_ui/test_ui_updater.py::test_UIUpdater_update_text_views PASSED [ 84%]
tests/test_ui/test_ui_updater.py::test_UIUpdater_update_text_views_no_selection PASSED [ 84%]
tests/test_ui/test_ui_updater.py::test_UIUpdater_populate_strings_with_project_manager PASSED [ 85%]
tests/test_ui/test_ui_updater.py::test_UIUpdater_populate_strings_hide_categorized_from_data_store PASSED [ 85%]
tests/test_ui/test_ui_updater.py::test_UIUpdater_update_text_views_with_width_label PASSED [ 85%]
tests/test_ui/test_ui_updater.py::test_UIUpdater_populate_strings_with_category PASSED [ 85%]
tests/test_ui/test_ui_updater.py::test_UIUpdater_update_status_bar PASSED [ 85%]
tests/test_ui/test_ui_updater.py::test_UIUpdater_update_status_bar_selection PASSED [ 85%]
tests/test_ui/test_ui_updater.py::test_UIUpdater_clear_status_bar PASSED [ 86%]
tests/test_ui/test_ui_updater.py::test_UIUpdater_highlight_problem_block PASSED [ 86%]
tests/test_ui/test_ui_updater.py::test_UIUpdater_clear_all_problem_block_highlights_and_text PASSED [ 86%]
tests/test_ui/test_ui_updater.py::test_UIUpdater_update_title PASSED     [ 86%]
tests/test_ui/test_ui_updater.py::test_UIUpdater_update_plugin_status_label PASSED [ 86%]
tests/test_ui/test_ui_updater.py::test_UIUpdater_update_statusbar_paths PASSED [ 86%]
tests/test_ui/test_ui_updater.py::test_UIUpdater_clear_highlights_no_base_name PASSED [ 87%]
tests/test_ui/test_ui_updater.py::test_UIUpdater_update_title_json_path PASSED [ 87%]
tests/test_ui/test_ui_updater.py::test_UIUpdater_update_title_no_file PASSED [ 87%]
tests/test_ui/test_ui_updater.py::test_UIUpdater_update_plugin_status_label_no_rules PASSED [ 87%]
tests/test_ui/test_ui_updater.py::test_UIUpdater_synchronize_original_cursor_no_text PASSED [ 87%]
tests/test_ui/test_updaters/test_small_updaters.py::TestTitleStatusBarUpdater::test_title_no_file_open PASSED [ 87%]
tests/test_ui/test_updaters/test_small_updaters.py::TestTitleStatusBarUpdater::test_title_with_json_path PASSED [ 87%]
tests/test_ui/test_updaters/test_small_updaters.py::TestTitleStatusBarUpdater::test_title_with_project PASSED [ 88%]
tests/test_ui/test_updaters/test_small_updaters.py::TestTitleStatusBarUpdater::test_title_with_unsaved_changes PASSED [ 88%]
tests/test_ui/test_updaters/test_small_updaters.py::TestTitleStatusBarUpdater::test_update_statusbar_paths_with_both_paths PASSED [ 88%]
tests/test_ui/test_updaters/test_small_updaters.py::TestTitleStatusBarUpdater::test_update_statusbar_paths_no_paths PASSED [ 88%]
tests/test_ui/test_updaters/test_small_updaters.py::TestStringSettingsUpdater::test_update_string_settings_panel_no_selection PASSED [ 88%]
tests/test_ui/test_updaters/test_small_updaters.py::TestStringSettingsUpdater::test_update_string_settings_panel_default_meta PASSED [ 88%]
tests/test_ui/test_updaters/test_small_updaters.py::TestStringSettingsUpdater::test_update_string_settings_panel_custom_width PASSED [ 89%]
tests/test_ui/test_updaters/test_small_updaters.py::TestPreviewUpdater::test_populate_strings_no_preview_edit PASSED [ 89%]
tests/test_ui/test_updaters/test_small_updaters.py::TestPreviewUpdater::test_populate_strings_negative_block_idx PASSED [ 89%]
tests/test_ui/test_updaters/test_small_updaters.py::TestPreviewUpdater::test_populate_strings_no_data PASSED [ 89%]
tests/test_ui/test_updaters/test_small_updaters.py::TestPreviewUpdater::test_populate_strings_basic PASSED [ 89%]
tests/test_ui/updaters/test_block_list_updater.py::test_BlockListUpdater_populate_blocks PASSED [ 89%]
tests/test_ui/updaters/test_block_list_updater.py::test_BlockListUpdater_update_block_item_text_with_problem_count PASSED [ 90%]
tests/test_ui/updaters/test_block_list_updater.py::test_BlockListUpdater_clear_all_problem_block_highlights_and_text PASSED [ 90%]
tests/test_utils/test_syntax_highlighter.py::test_JsonTagHighlighter_init_and_reconfigure PASSED [ 90%]
tests/test_utils/test_syntax_highlighter.py::test_JsonTagHighlighter_on_contents_change PASSED [ 90%]
tests/test_utils/test_syntax_highlighter.py::test_JsonTagHighlighter_set_glossary_manager PASSED [ 90%]
tests/test_utils/test_syntax_highlighter.py::test_JsonTagHighlighter_set_spellchecker_enabled PASSED [ 90%]
tests/test_utils/test_syntax_highlighter.py::test_JsonTagHighlighter_apply_css_to_format PASSED [ 90%]
tests/test_utils/test_syntax_highlighter.py::test_JsonTagHighlighter_highlightBlock_colors PASSED [ 91%]
tests/test_utils/test_syntax_highlighter.py::test_JsonTagHighlighter_highlightBlock_rules PASSED [ 91%]
tests/test_utils/test_syntax_highlighter.py::test_JsonTagHighlighter_icon_cache PASSED [ 91%]
tests/test_utils/test_syntax_highlighter.py::test_JsonTagHighlighter_glossary_cache PASSED [ 91%]
tests/test_utils/test_syntax_highlighter.py::test_JsonTagHighlighter_spellcheck PASSED [ 91%]
tests/test_utils/test_syntax_highlighter.py::test_JsonTagHighlighter_theme_dark PASSED [ 91%]
tests/test_utils/test_syntax_highlighter.py::test_extract_words_from_text PASSED [ 92%]
tests/test_utils/test_syntax_highlighter.py::test_should_highlight_icons_for_preview PASSED [ 92%]
tests/test_utils/test_utils.py::TestCalculateStringWidth::test_simple_ascii PASSED [ 92%]
tests/test_utils/test_utils.py::TestCalculateStringWidth::test_space PASSED [ 92%]
tests/test_utils/test_utils.py::TestCalculateStringWidth::test_empty_string PASSED [ 92%]
tests/test_utils/test_utils.py::TestCalculateStringWidth::test_curly_tags_have_zero_width PASSED [ 92%]
tests/test_utils/test_utils.py::TestCalculateStringWidth::test_square_tags_have_zero_width PASSED [ 93%]
tests/test_utils/test_utils.py::TestCalculateStringWidth::test_icon_from_font_map PASSED [ 93%]
tests/test_utils/test_utils.py::TestCalculateStringWidth::test_icon_sequence_priority PASSED [ 93%]
tests/test_utils/test_utils.py::TestCalculateStringWidth::test_short_icon PASSED [ 93%]
tests/test_utils/test_utils.py::TestCalculateStringWidth::test_mixed_text_tags_icons PASSED [ 93%]
tests/test_utils/test_utils.py::TestCalculateStringWidth::test_unknown_char_uses_default PASSED [ 93%]
tests/test_utils/test_utils.py::TestCalculateStringWidth::test_empty_font_map PASSED [ 93%]
tests/test_utils/test_utils.py::TestCalculateStringWidth::test_with_icon_sequences PASSED [ 94%]
tests/test_utils/test_utils.py::TestCalculateStrictStringWidth::test_strict_all_known PASSED [ 94%]
tests/test_utils/test_utils.py::TestCalculateStrictStringWidth::test_strict_missing_char PASSED [ 94%]
tests/test_utils/test_utils.py::TestCalculateStrictStringWidth::test_strict_missing_sequence PASSED [ 94%]
tests/test_utils/test_utils.py::TestCalculateStrictStringWidth::test_strict_tags_ignored PASSED [ 94%]
tests/test_utils/test_utils.py::TestRemoveAllTags::test_remove_curly_tags PASSED [ 94%]
tests/test_utils/test_utils.py::TestRemoveAllTags::test_remove_square_tags PASSED [ 95%]
tests/test_utils/test_utils.py::TestRemoveAllTags::test_no_tags PASSED   [ 95%]
tests/test_utils/test_utils.py::TestRemoveAllTags::test_none_input PASSED [ 95%]
tests/test_utils/test_utils.py::TestRemoveAllTags::test_only_tags PASSED [ 95%]
tests/test_utils/test_utils.py::TestRemoveAllTags::test_nested_like_tags PASSED [ 95%]
tests/test_utils/test_utils.py::TestIsFuzzyMatch::test_identical_words PASSED [ 95%]
tests/test_utils/test_utils.py::TestIsFuzzyMatch::test_case_insensitive PASSED [ 96%]
tests/test_utils/test_utils.py::TestIsFuzzyMatch::test_very_similar PASSED [ 96%]
tests/test_utils/test_utils.py::TestIsFuzzyMatch::test_different_words PASSED [ 96%]
tests/test_utils/test_utils.py::TestIsFuzzyMatch::test_empty_strings PASSED [ 96%]
tests/test_utils/test_utils.py::TestIsFuzzyMatch::test_length_diff_optimization PASSED [ 96%]
tests/test_utils/test_utils.py::TestIsFuzzyMatch::test_custom_threshold PASSED [ 96%]
tests/test_utils/test_utils.py::TestSpaceDotConversion::test_multiple_spaces_to_dots PASSED [ 96%]
tests/test_utils/test_utils.py::TestSpaceDotConversion::test_single_space_unchanged PASSED [ 97%]
tests/test_utils/test_utils.py::TestSpaceDotConversion::test_leading_space PASSED [ 97%]
tests/test_utils/test_utils.py::TestSpaceDotConversion::test_trailing_space PASSED [ 97%]
tests/test_utils/test_utils.py::TestSpaceDotConversion::test_disabled PASSED [ 97%]
tests/test_utils/test_utils.py::TestSpaceDotConversion::test_none_input PASSED [ 97%]
tests/test_utils/test_utils.py::TestSpaceDotConversion::test_dots_to_spaces_roundtrip PASSED [ 97%]
tests/test_utils/test_utils.py::TestSpaceDotConversion::test_convert_dots_to_spaces_none PASSED [ 98%]
tests/test_utils/test_utils.py::TestRemoveCurlyTags::test_basic PASSED   [ 98%]
tests/test_utils/test_utils.py::TestRemoveCurlyTags::test_none PASSED    [ 98%]
tests/test_utils/test_utils.py::TestRemoveCurlyTags::test_no_tags PASSED [ 98%]
tests/test_utils/test_utils.py::TestRemoveCurlyTags::test_square_tags_preserved PASSED [ 98%]
tests/test_utils/test_utils.py::TestConvertRawToDisplayText::test_none PASSED [ 98%]
tests/test_utils/test_utils.py::TestConvertRawToDisplayText::test_newline_replacement PASSED [ 99%]
tests/test_utils/test_utils.py::TestConvertRawToDisplayText::test_with_dots PASSED [ 99%]
tests/test_utils/test_utils.py::TestPrepareTextForTaglessSearch::test_removes_tags PASSED [ 99%]
tests/test_utils/test_utils.py::TestPrepareTextForTaglessSearch::test_replaces_newlines_with_spaces PASSED [ 99%]
tests/test_utils/test_utils.py::TestPrepareTextForTaglessSearch::test_normalizes_spaces PASSED [ 99%]
tests/test_utils/test_utils.py::TestPrepareTextForTaglessSearch::test_strips PASSED [ 99%]
tests/test_utils/test_utils.py::TestPrepareTextForTaglessSearch::test_none PASSED [100%]

============================== warnings summary ===============================
tests\test_project_dialogs_manual.py:24
  D:\git\dev\Picoripi\tests\test_project_dialogs_manual.py:24: PytestCollectionWarning: cannot collect test class 'TestWindow' because it has a __init__ constructor (from: tests/test_project_dialogs_manual.py)
    class TestWindow(QWidget):

-- Docs: https://docs.pytest.org/en/stable/how-to/capture-warnings.html
================= 633 passed, 1 warning in 442.99s (0:07:22) ==================
